#
# There is insufficient memory for the Java Runtime Environment to continue.
# Native memory allocation (malloc) failed to allocate 679536 bytes for Chunk::new
# Possible reasons:
#   The system is out of physical RAM or swap space
#   The process is running with CompressedOops enabled, and the Java Heap may be blocking the growth of the native heap
# Possible solutions:
#   Reduce memory load on the system
#   Increase physical memory or swap space
#   Check if swap backing store is full
#   Decrease Java heap size (-Xmx/-Xms)
#   Decrease number of Java threads
#   Decrease Java thread stack sizes (-Xss)
#   Set larger code cache with -XX:ReservedCodeCacheSize=
#   JVM is running with Unscaled Compressed Oops mode in which the Java heap is
#     placed in the first 4GB address space. The Java Heap base address is the
#     maximum limit for the native heap growth. Please use -XX:HeapBaseMinAddress
#     to set the Java Heap base and to place the Java Heap above 4GB virtual address.
# This output file may be truncated or incomplete.
#
#  Out of Memory Error (./open/src/hotspot/share/memory/arena.cpp:195), pid=10236, tid=7184
#
# JRE version: Java(TM) SE Runtime Environment (15.0.1+9) (build 15.0.1+9-18)
# Java VM: Java HotSpot(TM) 64-Bit Server VM (15.0.1+9-18, mixed mode, sharing, tiered, compressed oops, g1 gc, windows-amd64)
# No core dump will be written. Minidumps are not enabled by default on client versions of Windows
#

---------------  S U M M A R Y ------------

Command Line: -Xmx64m -Xms64m -Dorg.gradle.appname=gradlew org.gradle.wrapper.GradleWrapperMain app:installDebug -PreactNativeDevServerPort=8081

Host: AMD Ryzen 3 3200G with Radeon Vega Graphics    , 4 cores, 7G,  Windows 10 , 64 bit Build 19041 (10.0.19041.2364)
Time: Fri Mar 31 18:29:00 2023 India Standard Time elapsed time: 27.191598 seconds (0d 0h 0m 27s)

---------------  T H R E A D  ---------------

Current thread (0x00000270fe307b80):  JavaThread "C2 CompilerThread0" daemon [_thread_in_native, id=7184, stack(0x000000b3b5f00000,0x000000b3b6000000)]


Current CompileTask:
C2:  27192 1682   !   4       java.io.ObjectInputStream::readSerialData (563 bytes)

Stack: [0x000000b3b5f00000,0x000000b3b6000000]
Native frames: (J=compiled Java code, j=interpreted, Vv=VM code, C=native code)
V  [jvm.dll+0x62ae9a]
V  [jvm.dll+0x781389]
V  [jvm.dll+0x782ae3]
V  [jvm.dll+0x783143]
V  [jvm.dll+0x216265]
V  [jvm.dll+0x97efa]
V  [jvm.dll+0x985dc]
V  [jvm.dll+0x32e4c8]
V  [jvm.dll+0x18e2e1]
V  [jvm.dll+0x1ea762]
V  [jvm.dll+0x1e98ae]
V  [jvm.dll+0x1784c7]
V  [jvm.dll+0x1f9165]
V  [jvm.dll+0x1f720c]
V  [jvm.dll+0x74485d]
V  [jvm.dll+0x73d65a]
V  [jvm.dll+0x629c56]
C  [ucrtbase.dll+0x21bb2]
C  [KERNEL32.DLL+0x17614]
C  [ntdll.dll+0x526a1]


---------------  P R O C E S S  ---------------

Threads class SMR info:
_java_thread_list=0x00000270fefaad20, length=14, elements={
0x00000270e4236590, 0x00000270fe2e6820, 0x00000270e430b1f0, 0x00000270fe3010e0,
0x00000270fe304ac0, 0x00000270fe305570, 0x00000270fe307b80, 0x00000270fe30da80,
0x00000270fe316880, 0x00000270fe53dc60, 0x00000270fe548440, 0x00000270800bad40,
0x0000027080348820, 0x0000027080384100
}

Java Threads: ( => current thread )
  0x00000270e4236590 JavaThread "main" [_thread_blocked, id=2936, stack(0x000000b3b5300000,0x000000b3b5400000)]
  0x00000270fe2e6820 JavaThread "Reference Handler" daemon [_thread_blocked, id=2012, stack(0x000000b3b5a00000,0x000000b3b5b00000)]
  0x00000270e430b1f0 JavaThread "Finalizer" daemon [_thread_blocked, id=8584, stack(0x000000b3b5b00000,0x000000b3b5c00000)]
  0x00000270fe3010e0 JavaThread "Signal Dispatcher" daemon [_thread_blocked, id=15008, stack(0x000000b3b5c00000,0x000000b3b5d00000)]
  0x00000270fe304ac0 JavaThread "Attach Listener" daemon [_thread_blocked, id=7956, stack(0x000000b3b5d00000,0x000000b3b5e00000)]
  0x00000270fe305570 JavaThread "Service Thread" daemon [_thread_blocked, id=17804, stack(0x000000b3b5e00000,0x000000b3b5f00000)]
=>0x00000270fe307b80 JavaThread "C2 CompilerThread0" daemon [_thread_in_native, id=7184, stack(0x000000b3b5f00000,0x000000b3b6000000)]
  0x00000270fe30da80 JavaThread "C1 CompilerThread0" daemon [_thread_blocked, id=17208, stack(0x000000b3b6000000,0x000000b3b6100000)]
  0x00000270fe316880 JavaThread "Sweeper thread" daemon [_thread_blocked, id=13680, stack(0x000000b3b6100000,0x000000b3b6200000)]
  0x00000270fe53dc60 JavaThread "Notification Thread" daemon [_thread_blocked, id=6416, stack(0x000000b3b6200000,0x000000b3b6300000)]
  0x00000270fe548440 JavaThread "Common-Cleaner" daemon [_thread_blocked, id=3536, stack(0x000000b3b6400000,0x000000b3b6500000)]
  0x00000270800bad40 JavaThread "pool-1-thread-1" [_thread_in_native, id=1752, stack(0x000000b3b6700000,0x000000b3b6800000)]
  0x0000027080348820 JavaThread "DisconnectableInputStream source reader" daemon [_thread_in_native, id=13396, stack(0x000000b3b6b00000,0x000000b3b6c00000)]
  0x0000027080384100 JavaThread "Forward input" [_thread_blocked, id=19740, stack(0x000000b3b6c00000,0x000000b3b6d00000)]

Other Threads:
  0x00000270e43077b0 VMThread "VM Thread" [stack: 0x000000b3b5900000,0x000000b3b5a00000] [id=14288]
  0x00000270fe546120 WatcherThread [stack: 0x000000b3b6300000,0x000000b3b6400000] [id=11528]
  0x00000270e4257220 GCTaskThread "GC Thread#0" [stack: 0x000000b3b5400000,0x000000b3b5500000] [id=22500]
  0x00000270feaff680 GCTaskThread "GC Thread#1" [stack: 0x000000b3b6600000,0x000000b3b6700000] [id=6392]
  0x00000270feafd370 GCTaskThread "GC Thread#2" [stack: 0x000000b3b6800000,0x000000b3b6900000] [id=20608]
  0x00000270feafecf0 GCTaskThread "GC Thread#3" [stack: 0x000000b3b6900000,0x000000b3b6a00000] [id=15428]
  0x00000270e4258b70 ConcurrentGCThread "G1 Main Marker" [stack: 0x000000b3b5500000,0x000000b3b5600000] [id=1996]
  0x00000270e425afe0 ConcurrentGCThread "G1 Conc#0" [stack: 0x000000b3b5600000,0x000000b3b5700000] [id=17420]
  0x00000270e42ab740 ConcurrentGCThread "G1 Refine#0" [stack: 0x000000b3b5700000,0x000000b3b5800000] [id=13972]
  0x00000270e42ac340 ConcurrentGCThread "G1 Young RemSet Sampling" [stack: 0x000000b3b5800000,0x000000b3b5900000] [id=22560]

Threads with active compile tasks:
C2 CompilerThread0    27235 1682   !   4       java.io.ObjectInputStream::readSerialData (563 bytes)

VM state: not at safepoint (normal execution)

VM Mutex/Monitor currently owned by a thread: None

Heap address: 0x00000000fc000000, size: 64 MB, Compressed Oops mode: 32-bit
CDS archive(s) mapped at: [0x0000000800000000-0x0000000800b50000-0x0000000800b50000), size 11862016, SharedBaseAddress: 0x0000000800000000, ArchiveRelocationMode: 0.
Compressed class space mapped at: 0x0000000800b50000-0x0000000840b50000, size: 1073741824
Narrow klass base: 0x0000000800000000, Narrow klass shift: 3, Narrow klass range: 0x100000000

GC Precious Log:
 CPUs: 4 total, 4 available
 Memory: 7610M
 Large Page Support: Disabled
 NUMA Support: Disabled
 Compressed Oops: Enabled (32-bit)
 Heap Region Size: 1M
 Heap Min Capacity: 64M
 Heap Initial Capacity: 64M
 Heap Max Capacity: 64M
 Pre-touch: Disabled
 Parallel Workers: 4
 Concurrent Workers: 1
 Concurrent Refinement Workers: 4
 Periodic GC: Disabled

Heap:
 garbage-first heap   total 65536K, used 27344K [0x00000000fc000000, 0x0000000100000000)
  region size 1024K, 21 young (21504K), 3 survivors (3072K)
 Metaspace       used 9405K, capacity 9673K, committed 9856K, reserved 1058816K
  class space    used 1213K, capacity 1308K, committed 1408K, reserved 1048576K

Heap Regions: E=young(eden), S=young(survivor), O=old, HS=humongous(starts), HC=humongous(continues), CS=collection set, F=free, OA=open archive, CA=closed archive, TAMS=top-at-mark-start (previous, next)
|   0|0x00000000fc000000, 0x00000000fc100000, 0x00000000fc100000|100%|HS|  |TAMS 0x00000000fc000000, 0x00000000fc000000| Complete 
|   1|0x00000000fc100000, 0x00000000fc200000, 0x00000000fc200000|100%|HC|  |TAMS 0x00000000fc100000, 0x00000000fc100000| Complete 
|   2|0x00000000fc200000, 0x00000000fc300000, 0x00000000fc300000|100%|HC|  |TAMS 0x00000000fc200000, 0x00000000fc200000| Complete 
|   3|0x00000000fc300000, 0x00000000fc400000, 0x00000000fc400000|100%| O|  |TAMS 0x00000000fc300000, 0x00000000fc300000| Untracked 
|   4|0x00000000fc400000, 0x00000000fc500000, 0x00000000fc500000|100%| O|  |TAMS 0x00000000fc400000, 0x00000000fc400000| Untracked 
|   5|0x00000000fc500000, 0x00000000fc600000, 0x00000000fc600000|100%| O|  |TAMS 0x00000000fc500000, 0x00000000fc500000| Untracked 
|   6|0x00000000fc600000, 0x00000000fc6b4000, 0x00000000fc700000| 70%| O|  |TAMS 0x00000000fc600000, 0x00000000fc600000| Untracked 
|   7|0x00000000fc700000, 0x00000000fc700000, 0x00000000fc800000|  0%| F|  |TAMS 0x00000000fc700000, 0x00000000fc700000| Untracked 
|   8|0x00000000fc800000, 0x00000000fc800000, 0x00000000fc900000|  0%| F|  |TAMS 0x00000000fc800000, 0x00000000fc800000| Untracked 
|   9|0x00000000fc900000, 0x00000000fc900000, 0x00000000fca00000|  0%| F|  |TAMS 0x00000000fc900000, 0x00000000fc900000| Untracked 
|  10|0x00000000fca00000, 0x00000000fca00000, 0x00000000fcb00000|  0%| F|  |TAMS 0x00000000fca00000, 0x00000000fca00000| Untracked 
|  11|0x00000000fcb00000, 0x00000000fcb00000, 0x00000000fcc00000|  0%| F|  |TAMS 0x00000000fcb00000, 0x00000000fcb00000| Untracked 
|  12|0x00000000fcc00000, 0x00000000fcc00000, 0x00000000fcd00000|  0%| F|  |TAMS 0x00000000fcc00000, 0x00000000fcc00000| Untracked 
|  13|0x00000000fcd00000, 0x00000000fcd00000, 0x00000000fce00000|  0%| F|  |TAMS 0x00000000fcd00000, 0x00000000fcd00000| Untracked 
|  14|0x00000000fce00000, 0x00000000fce00000, 0x00000000fcf00000|  0%| F|  |TAMS 0x00000000fce00000, 0x00000000fce00000| Untracked 
|  15|0x00000000fcf00000, 0x00000000fcf00000, 0x00000000fd000000|  0%| F|  |TAMS 0x00000000fcf00000, 0x00000000fcf00000| Untracked 
|  16|0x00000000fd000000, 0x00000000fd000000, 0x00000000fd100000|  0%| F|  |TAMS 0x00000000fd000000, 0x00000000fd000000| Untracked 
|  17|0x00000000fd100000, 0x00000000fd100000, 0x00000000fd200000|  0%| F|  |TAMS 0x00000000fd100000, 0x00000000fd100000| Untracked 
|  18|0x00000000fd200000, 0x00000000fd200000, 0x00000000fd300000|  0%| F|  |TAMS 0x00000000fd200000, 0x00000000fd200000| Untracked 
|  19|0x00000000fd300000, 0x00000000fd300000, 0x00000000fd400000|  0%| F|  |TAMS 0x00000000fd300000, 0x00000000fd300000| Untracked 
|  20|0x00000000fd400000, 0x00000000fd400000, 0x00000000fd500000|  0%| F|  |TAMS 0x00000000fd400000, 0x00000000fd400000| Untracked 
|  21|0x00000000fd500000, 0x00000000fd500000, 0x00000000fd600000|  0%| F|  |TAMS 0x00000000fd500000, 0x00000000fd500000| Untracked 
|  22|0x00000000fd600000, 0x00000000fd600000, 0x00000000fd700000|  0%| F|  |TAMS 0x00000000fd600000, 0x00000000fd600000| Untracked 
|  23|0x00000000fd700000, 0x00000000fd700000, 0x00000000fd800000|  0%| F|  |TAMS 0x00000000fd700000, 0x00000000fd700000| Untracked 
|  24|0x00000000fd800000, 0x00000000fd800000, 0x00000000fd900000|  0%| F|  |TAMS 0x00000000fd800000, 0x00000000fd800000| Untracked 
|  25|0x00000000fd900000, 0x00000000fd900000, 0x00000000fda00000|  0%| F|  |TAMS 0x00000000fd900000, 0x00000000fd900000| Untracked 
|  26|0x00000000fda00000, 0x00000000fda00000, 0x00000000fdb00000|  0%| F|  |TAMS 0x00000000fda00000, 0x00000000fda00000| Untracked 
|  27|0x00000000fdb00000, 0x00000000fdb00000, 0x00000000fdc00000|  0%| F|  |TAMS 0x00000000fdb00000, 0x00000000fdb00000| Untracked 
|  28|0x00000000fdc00000, 0x00000000fdc00000, 0x00000000fdd00000|  0%| F|  |TAMS 0x00000000fdc00000, 0x00000000fdc00000| Untracked 
|  29|0x00000000fdd00000, 0x00000000fdd00000, 0x00000000fde00000|  0%| F|  |TAMS 0x00000000fdd00000, 0x00000000fdd00000| Untracked 
|  30|0x00000000fde00000, 0x00000000fde00000, 0x00000000fdf00000|  0%| F|  |TAMS 0x00000000fde00000, 0x00000000fde00000| Untracked 
|  31|0x00000000fdf00000, 0x00000000fdf00000, 0x00000000fe000000|  0%| F|  |TAMS 0x00000000fdf00000, 0x00000000fdf00000| Untracked 
|  32|0x00000000fe000000, 0x00000000fe000000, 0x00000000fe100000|  0%| F|  |TAMS 0x00000000fe000000, 0x00000000fe000000| Untracked 
|  33|0x00000000fe100000, 0x00000000fe100000, 0x00000000fe200000|  0%| F|  |TAMS 0x00000000fe100000, 0x00000000fe100000| Untracked 
|  34|0x00000000fe200000, 0x00000000fe200000, 0x00000000fe300000|  0%| F|  |TAMS 0x00000000fe200000, 0x00000000fe200000| Untracked 
|  35|0x00000000fe300000, 0x00000000fe300000, 0x00000000fe400000|  0%| F|  |TAMS 0x00000000fe300000, 0x00000000fe300000| Untracked 
|  36|0x00000000fe400000, 0x00000000fe400000, 0x00000000fe500000|  0%| F|  |TAMS 0x00000000fe400000, 0x00000000fe400000| Untracked 
|  37|0x00000000fe500000, 0x00000000fe500000, 0x00000000fe600000|  0%| F|  |TAMS 0x00000000fe500000, 0x00000000fe500000| Untracked 
|  38|0x00000000fe600000, 0x00000000fe600000, 0x00000000fe700000|  0%| F|  |TAMS 0x00000000fe600000, 0x00000000fe600000| Untracked 
|  39|0x00000000fe700000, 0x00000000fe700000, 0x00000000fe800000|  0%| F|  |TAMS 0x00000000fe700000, 0x00000000fe700000| Untracked 
|  40|0x00000000fe800000, 0x00000000fe800000, 0x00000000fe900000|  0%| F|  |TAMS 0x00000000fe800000, 0x00000000fe800000| Untracked 
|  41|0x00000000fe900000, 0x00000000fe900000, 0x00000000fea00000|  0%| F|  |TAMS 0x00000000fe900000, 0x00000000fe900000| Untracked 
|  42|0x00000000fea00000, 0x00000000fea00000, 0x00000000feb00000|  0%| F|  |TAMS 0x00000000fea00000, 0x00000000fea00000| Untracked 
|  43|0x00000000feb00000, 0x00000000febc9240, 0x00000000fec00000| 78%| E|  |TAMS 0x00000000feb00000, 0x00000000feb00000| Complete 
|  44|0x00000000fec00000, 0x00000000fed00000, 0x00000000fed00000|100%| S|CS|TAMS 0x00000000fec00000, 0x00000000fec00000| Complete 
|  45|0x00000000fed00000, 0x00000000fee00000, 0x00000000fee00000|100%| S|CS|TAMS 0x00000000fed00000, 0x00000000fed00000| Complete 
|  46|0x00000000fee00000, 0x00000000fef00000, 0x00000000fef00000|100%| S|CS|TAMS 0x00000000fee00000, 0x00000000fee00000| Complete 
|  47|0x00000000fef00000, 0x00000000ff000000, 0x00000000ff000000|100%| E|CS|TAMS 0x00000000fef00000, 0x00000000fef00000| Complete 
|  48|0x00000000ff000000, 0x00000000ff100000, 0x00000000ff100000|100%| E|CS|TAMS 0x00000000ff000000, 0x00000000ff000000| Complete 
|  49|0x00000000ff100000, 0x00000000ff200000, 0x00000000ff200000|100%| E|CS|TAMS 0x00000000ff100000, 0x00000000ff100000| Complete 
|  50|0x00000000ff200000, 0x00000000ff300000, 0x00000000ff300000|100%| E|CS|TAMS 0x00000000ff200000, 0x00000000ff200000| Complete 
|  51|0x00000000ff300000, 0x00000000ff400000, 0x00000000ff400000|100%| E|CS|TAMS 0x00000000ff300000, 0x00000000ff300000| Complete 
|  52|0x00000000ff400000, 0x00000000ff500000, 0x00000000ff500000|100%| E|CS|TAMS 0x00000000ff400000, 0x00000000ff400000| Complete 
|  53|0x00000000ff500000, 0x00000000ff600000, 0x00000000ff600000|100%| E|CS|TAMS 0x00000000ff500000, 0x00000000ff500000| Complete 
|  54|0x00000000ff600000, 0x00000000ff700000, 0x00000000ff700000|100%| E|CS|TAMS 0x00000000ff600000, 0x00000000ff600000| Complete 
|  55|0x00000000ff700000, 0x00000000ff800000, 0x00000000ff800000|100%| E|CS|TAMS 0x00000000ff700000, 0x00000000ff700000| Complete 
|  56|0x00000000ff800000, 0x00000000ff900000, 0x00000000ff900000|100%| E|CS|TAMS 0x00000000ff800000, 0x00000000ff800000| Complete 
|  57|0x00000000ff900000, 0x00000000ffa00000, 0x00000000ffa00000|100%| E|CS|TAMS 0x00000000ff900000, 0x00000000ff900000| Complete 
|  58|0x00000000ffa00000, 0x00000000ffb00000, 0x00000000ffb00000|100%| E|CS|TAMS 0x00000000ffa00000, 0x00000000ffa00000| Complete 
|  59|0x00000000ffb00000, 0x00000000ffc00000, 0x00000000ffc00000|100%| E|CS|TAMS 0x00000000ffb00000, 0x00000000ffb00000| Complete 
|  60|0x00000000ffc00000, 0x00000000ffd00000, 0x00000000ffd00000|100%| E|CS|TAMS 0x00000000ffc00000, 0x00000000ffc00000| Complete 
|  61|0x00000000ffd00000, 0x00000000ffe00000, 0x00000000ffe00000|100%| E|CS|TAMS 0x00000000ffd00000, 0x00000000ffd00000| Complete 
|  62|0x00000000ffe00000, 0x00000000fff00000, 0x00000000fff00000|100%| E|CS|TAMS 0x00000000ffe00000, 0x00000000ffe00000| Complete 
|  63|0x00000000fff00000, 0x0000000100000000, 0x0000000100000000|100%| E|CS|TAMS 0x00000000fff00000, 0x00000000fff00000| Complete 

Card table byte_map: [0x00000270e4030000,0x00000270e4050000] _byte_map_base: 0x00000270e3850000

Marking Bits (Prev, Next): (CMBitMap*) 0x00000270e4257a10, (CMBitMap*) 0x00000270e4257a50
 Prev Bits: [0x00000270e4070000, 0x00000270e4170000)
 Next Bits: [0x00000270fb470000, 0x00000270fb570000)

Polling page: 0x00000270e2210000

Metaspace:

Usage:
  Non-class:      8.17 MB capacity,     8.00 MB ( 98%) used,   160.22 KB (  2%) free+waste,    12.25 KB ( <1%) overhead. 
      Class:      1.28 MB capacity,     1.18 MB ( 93%) used,    88.38 KB (  7%) free+waste,     6.31 KB ( <1%) overhead. 
       Both:      9.45 MB capacity,     9.19 MB ( 97%) used,   248.59 KB (  3%) free+waste,    18.56 KB ( <1%) overhead. 

Virtual space:
  Non-class space:       10.00 MB reserved,       8.25 MB ( 82%) committed 
      Class space:        1.00 GB reserved,       1.38 MB ( <1%) committed 
             Both:        1.01 GB reserved,       9.62 MB ( <1%) committed 

Chunk freelists:
   Non-Class:  19.00 KB
       Class:  4.00 KB
        Both:  23.00 KB

MaxMetaspaceSize: 17179869184.00 GB
CompressedClassSpaceSize: 1.00 GB

CodeHeap 'non-profiled nmethods': size=120000Kb used=655Kb max_used=655Kb free=119344Kb
 bounds [0x00000270f3f40000, 0x00000270f41b0000, 0x00000270fb470000]
CodeHeap 'profiled nmethods': size=120000Kb used=3158Kb max_used=3158Kb free=116841Kb
 bounds [0x00000270eca10000, 0x00000270ecd30000, 0x00000270f3f40000]
CodeHeap 'non-nmethods': size=5760Kb used=1182Kb max_used=1214Kb free=4577Kb
 bounds [0x00000270ec470000, 0x00000270ec6e0000, 0x00000270eca10000]
 total_blobs=2128 nmethods=1683 adapters=358
 compilation: enabled
              stopped_count=0, restarted_count=0
 full_count=0

Compilation events (20 events):
Event: 26.533 Thread 0x00000270fe30da80 nmethod 1674 0x00000270ecd20310 code [0x00000270ecd204c0, 0x00000270ecd205e8]
Event: 26.533 Thread 0x00000270fe30da80 1675       3       org.gradle.internal.time.TimeFormatting::formatDurationTerse (123 bytes)
Event: 26.534 Thread 0x00000270fe30da80 nmethod 1675 0x00000270ecd20690 code [0x00000270ecd20980, 0x00000270ecd216e8]
Event: 26.652 Thread 0x00000270fe307b80 1677       4       java.util.concurrent.locks.AbstractQueuedSynchronizer::compareAndSetState (13 bytes)
Event: 26.653 Thread 0x00000270fe307b80 nmethod 1677 0x00000270f3fe3890 code [0x00000270f3fe3a00, 0x00000270f3fe3a78]
Event: 26.919 Thread 0x00000270fe30da80 1678       3       java.util.AbstractList::equals (117 bytes)
Event: 26.919 Thread 0x00000270fe30da80 nmethod 1678 0x00000270ecd21b90 code [0x00000270ecd21e00, 0x00000270ecd22b48]
Event: 26.924 Thread 0x00000270fe307b80 1679       4       java.util.ArrayList$Itr::hasNext (20 bytes)
Event: 26.925 Thread 0x00000270fe307b80 nmethod 1679 0x00000270f3fe3b90 code [0x00000270f3fe3d00, 0x00000270f3fe3d98]
Event: 26.936 Thread 0x00000270fe30da80 1680       3       java.util.ArrayList::equals (62 bytes)
Event: 26.937 Thread 0x00000270fe30da80 nmethod 1680 0x00000270ecd22e10 code [0x00000270ecd23020, 0x00000270ecd23748]
Event: 26.938 Thread 0x00000270fe30da80 1681       3       org.gradle.internal.logging.console.WorkInProgressRenderer$AssociationLabel::renderNow (24 bytes)
Event: 26.938 Thread 0x00000270fe30da80 nmethod 1681 0x00000270ecd23910 code [0x00000270ecd23ac0, 0x00000270ecd23d08]
Event: 26.938 Thread 0x00000270fe307b80 1682   !   4       java.io.ObjectInputStream::readSerialData (563 bytes)
Event: 26.938 Thread 0x00000270fe30da80 1683       3       java.lang.StringBuilder::delete (9 bytes)
Event: 26.938 Thread 0x00000270fe30da80 nmethod 1683 0x00000270ecd23e90 code [0x00000270ecd24040, 0x00000270ecd24188]
Event: 26.939 Thread 0x00000270fe30da80 1685       3       org.gradle.internal.logging.console.DefaultWorkInProgressFormatter::trim (50 bytes)
Event: 26.939 Thread 0x00000270fe30da80 nmethod 1685 0x00000270ecd24210 code [0x00000270ecd24460, 0x00000270ecd24ce8]
Event: 26.939 Thread 0x00000270fe30da80 1686       3       java.io.ObjectInputStream$HandleTable::setObject (54 bytes)
Event: 26.940 Thread 0x00000270fe30da80 nmethod 1686 0x00000270ecd25090 code [0x00000270ecd25260, 0x00000270ecd256c8]

GC Heap History (4 events):
Event: 0.356 GC heap before
{Heap before GC invocations=0 (full 0):
 garbage-first heap   total 65536K, used 15360K [0x00000000fc000000, 0x0000000100000000)
  region size 1024K, 13 young (13312K), 0 survivors (0K)
 Metaspace       used 1763K, capacity 4939K, committed 5120K, reserved 1056768K
  class space    used 157K, capacity 473K, committed 512K, reserved 1048576K
}
Event: 0.359 GC heap after
{Heap after GC invocations=1 (full 0):
 garbage-first heap   total 65536K, used 3530K [0x00000000fc000000, 0x0000000100000000)
  region size 1024K, 2 young (2048K), 2 survivors (2048K)
 Metaspace       used 1763K, capacity 4939K, committed 5120K, reserved 1056768K
  class space    used 157K, capacity 473K, committed 512K, reserved 1048576K
}
Event: 0.664 GC heap before
{Heap before GC invocations=1 (full 0):
 garbage-first heap   total 65536K, used 21962K [0x00000000fc000000, 0x0000000100000000)
  region size 1024K, 17 young (17408K), 2 survivors (2048K)
 Metaspace       used 5149K, capacity 7306K, committed 7424K, reserved 1056768K
  class space    used 684K, capacity 919K, committed 1024K, reserved 1048576K
}
Event: 0.668 GC heap after
{Heap after GC invocations=2 (full 0):
 garbage-first heap   total 65536K, used 9936K [0x00000000fc000000, 0x0000000100000000)
  region size 1024K, 3 young (3072K), 3 survivors (3072K)
 Metaspace       used 5149K, capacity 7306K, committed 7424K, reserved 1056768K
  class space    used 684K, capacity 919K, committed 1024K, reserved 1048576K
}

Deoptimization events (20 events):
Event: 3.770 Thread 0x00000270e4236590 Uncommon trap: trap_request=0xffffff45 fr.pc=0x00000270f3f9d104 relative=0x0000000000001264
Event: 3.770 Thread 0x00000270e4236590 Uncommon trap: reason=unstable_if action=reinterpret pc=0x00000270f3f9d104 method=java.util.concurrent.ConcurrentHashMap.putVal(Ljava/lang/Object;Ljava/lang/Object;Z)Ljava/lang/Object; @ 231 c2
Event: 3.770 Thread 0x00000270e4236590 DEOPT PACKING pc=0x00000270f3f9d104 sp=0x000000b3b53fba90
Event: 3.770 Thread 0x00000270e4236590 DEOPT UNPACKING pc=0x00000270ec4be42f sp=0x000000b3b53fba00 mode 2
Event: 4.670 Thread 0x00000270800bad40 DEOPT PACKING pc=0x00000270ecc8849f sp=0x000000b3b67fe140
Event: 4.670 Thread 0x00000270800bad40 DEOPT UNPACKING pc=0x00000270ec4be23f sp=0x000000b3b67fd6b8 mode 0
Event: 4.703 Thread 0x00000270800bad40 DEOPT PACKING pc=0x00000270eccd6ff1 sp=0x000000b3b67fe820
Event: 4.703 Thread 0x00000270800bad40 DEOPT UNPACKING pc=0x00000270ec4be23f sp=0x000000b3b67fdcf0 mode 0
Event: 4.713 Thread 0x00000270800bad40 DEOPT PACKING pc=0x00000270eccd6ff1 sp=0x000000b3b67fe890
Event: 4.713 Thread 0x00000270800bad40 DEOPT UNPACKING pc=0x00000270ec4be23f sp=0x000000b3b67fdd60 mode 0
Event: 4.714 Thread 0x00000270800bad40 DEOPT PACKING pc=0x00000270eccd6ff1 sp=0x000000b3b67fe820
Event: 4.714 Thread 0x00000270800bad40 DEOPT UNPACKING pc=0x00000270ec4be23f sp=0x000000b3b67fdcf0 mode 0
Event: 4.715 Thread 0x00000270800bad40 DEOPT PACKING pc=0x00000270eccd6ff1 sp=0x000000b3b67fe820
Event: 4.715 Thread 0x00000270800bad40 DEOPT UNPACKING pc=0x00000270ec4be23f sp=0x000000b3b67fdcf0 mode 0
Event: 4.716 Thread 0x00000270800bad40 DEOPT PACKING pc=0x00000270eccd6ff1 sp=0x000000b3b67fe820
Event: 4.716 Thread 0x00000270800bad40 DEOPT UNPACKING pc=0x00000270ec4be23f sp=0x000000b3b67fdcf0 mode 0
Event: 4.721 Thread 0x00000270800bad40 DEOPT PACKING pc=0x00000270eccd6ff1 sp=0x000000b3b67fe820
Event: 4.722 Thread 0x00000270800bad40 DEOPT UNPACKING pc=0x00000270ec4be23f sp=0x000000b3b67fdcf0 mode 0
Event: 4.739 Thread 0x00000270800bad40 DEOPT PACKING pc=0x00000270eccd6ff1 sp=0x000000b3b67fe820
Event: 4.739 Thread 0x00000270800bad40 DEOPT UNPACKING pc=0x00000270ec4be23f sp=0x000000b3b67fdcf0 mode 0

Classes unloaded (0 events):
No events

Classes redefined (0 events):
No events

Internal exceptions (20 events):
Event: 0.570 Thread 0x00000270e4236590 Exception <a 'java/lang/NoSuchMethodError'{0x00000000ff6c4fe0}: 'java.lang.Object java.lang.invoke.DirectMethodHandle$Holder.invokeVirtual(java.lang.Object, java.lang.Object, java.lang.Object, java.lang.Object, java.lang.Object, java.lang.Object, java.lang.Object)'> (0x00000000ff6c4fe0) 
thrown [./open/src/hotspot/share/interpreter/linkResolver.cpp, line 782]
Event: 0.573 Thread 0x00000270e4236590 Exception <a 'java/lang/NoSuchMethodError'{0x00000000ff6d75d8}: 'java.lang.Object java.lang.invoke.Invokers$Holder.invoker(java.lang.Object, java.lang.Object, java.lang.Object)'> (0x00000000ff6d75d8) 
thrown [./open/src/hotspot/share/interpreter/linkResolver.cpp, line 782]
Event: 0.575 Thread 0x00000270e4236590 Exception <a 'java/lang/NoSuchMethodError'{0x00000000ff6e1ab8}: 'java.lang.Object java.lang.invoke.DirectMethodHandle$Holder.invokeStatic(java.lang.Object, java.lang.Object, int)'> (0x00000000ff6e1ab8) 
thrown [./open/src/hotspot/share/interpreter/linkResolver.cpp, line 782]
Event: 0.576 Thread 0x00000270e4236590 Exception <a 'java/lang/NoSuchMethodError'{0x00000000ff6eddd8}: 'void java.lang.invoke.DelegatingMethodHandle$Holder.delegate(java.lang.Object, java.lang.Object, int, java.lang.Object)'> (0x00000000ff6eddd8) 
thrown [./open/src/hotspot/share/interpreter/linkResolver.cpp, line 782]
Event: 0.577 Thread 0x00000270e4236590 Exception <a 'java/lang/NoSuchMethodError'{0x00000000ff6f2038}: 'int java.lang.invoke.DirectMethodHandle$Holder.invokeSpecial(java.lang.Object, java.lang.Object, java.lang.Object)'> (0x00000000ff6f2038) 
thrown [./open/src/hotspot/share/interpreter/linkResolver.cpp, line 782]
Event: 0.579 Thread 0x00000270e4236590 Exception <a 'java/lang/NoSuchMethodError'{0x00000000ff505ff0}: 'java.lang.Object java.lang.invoke.Invokers$Holder.invokeExact_MT(java.lang.Object, java.lang.Object, java.lang.Object, java.lang.Object)'> (0x00000000ff505ff0) 
thrown [./open/src/hotspot/share/interpreter/linkResolver.cpp, line 782]
Event: 0.671 Thread 0x00000270e4236590 Exception <a 'java/lang/NoSuchMethodError'{0x00000000fff20718}: 'java.lang.Object java.lang.invoke.DirectMethodHandle$Holder.invokeInterface(java.lang.Object, java.lang.Object, java.lang.Object)'> (0x00000000fff20718) 
thrown [./open/src/hotspot/share/interpreter/linkResolver.cpp, line 782]
Event: 0.684 Thread 0x00000270e4236590 Implicit null exception at 0x00000270f3f95c8c to 0x00000270f3f961c0
Event: 0.684 Thread 0x00000270e4236590 Implicit null exception at 0x00000270f3f80e8a to 0x00000270f3f813c0
Event: 0.699 Thread 0x00000270e4236590 Exception <a 'java/lang/NoSuchMethodError'{0x00000000ffee57b8}: 'java.lang.Object java.lang.invoke.DirectMethodHandle$Holder.invokeStatic(java.lang.Object)'> (0x00000000ffee57b8) 
thrown [./open/src/hotspot/share/interpreter/linkResolver.cpp, line 782]
Event: 0.699 Thread 0x00000270e4236590 Exception <a 'java/lang/NoSuchMethodError'{0x00000000ffee90d0}: 'java.lang.Object java.lang.invoke.DirectMethodHandle$Holder.invokeStaticInit(java.lang.Object)'> (0x00000000ffee90d0) 
thrown [./open/src/hotspot/share/interpreter/linkResolver.cpp, line 782]
Event: 0.709 Thread 0x00000270e4236590 Exception <a 'java/lang/NoSuchMethodError'{0x00000000ffd08a50}: 'java.lang.Object java.lang.invoke.DirectMethodHandle$Holder.invokeInterface(java.lang.Object, java.lang.Object)'> (0x00000000ffd08a50) 
thrown [./open/src/hotspot/share/interpreter/linkResolver.cpp, line 782]
Event: 0.710 Thread 0x00000270e4236590 Exception <a 'java/lang/NoSuchMethodError'{0x00000000ffd114b0}: 'java.lang.Object java.lang.invoke.DirectMethodHandle$Holder.invokeStaticInit(java.lang.Object, java.lang.Object, java.lang.Object)'> (0x00000000ffd114b0) 
thrown [./open/src/hotspot/share/interpreter/linkResolver.cpp, line 782]
Event: 0.774 Thread 0x00000270e4236590 Exception <a 'java/lang/NoSuchMethodError'{0x00000000ff831400}: 'java.lang.Object java.lang.invoke.DirectMethodHandle$Holder.invokeStaticInit(java.lang.Object, int, int, int, int)'> (0x00000000ff831400) 
thrown [./open/src/hotspot/share/interpreter/linkResolver.cpp, line 782]
Event: 0.814 Thread 0x00000270e4236590 Exception <a 'java/lang/NoSuchMethodError'{0x00000000ff846820}: 'java.lang.Object java.lang.invoke.DirectMethodHandle$Holder.invokeStaticInit(java.lang.Object, java.lang.Object, int, int, int, int)'> (0x00000000ff846820) 
thrown [./open/src/hotspot/share/interpreter/linkResolver.cpp, line 782]
Event: 0.854 Thread 0x00000270e4236590 Exception <a 'java/lang/NoSuchMethodError'{0x00000000ff873f70}: 'void java.lang.invoke.DirectMethodHandle$Holder.invokeStatic(java.lang.Object, java.lang.Object, java.lang.Object)'> (0x00000000ff873f70) 
thrown [./open/src/hotspot/share/interpreter/linkResolver.cpp, line 782]
Event: 0.867 Thread 0x00000270e4236590 Implicit null exception at 0x00000270f3f7b774 to 0x00000270f3f7bd2c
Event: 0.868 Thread 0x00000270e4236590 Implicit null exception at 0x00000270f3f7a374 to 0x00000270f3f7a938
Event: 3.788 Thread 0x00000270e4236590 Exception <a 'java/lang/NoSuchMethodError'{0x00000000ff575bf8}: static Lorg/gradle/cache/internal/btree/CorruptedCacheException;.<clinit>()V> (0x00000000ff575bf8) 
thrown [./open/src/hotspot/share/prims/jni.cpp, line 1204]
Event: 3.794 Thread 0x00000270e4236590 Exception <a 'java/lang/NoSuchMethodError'{0x00000000ff596478}: static Lorg/gradle/api/UncheckedIOException;.<clinit>()V> (0x00000000ff596478) 
thrown [./open/src/hotspot/share/prims/jni.cpp, line 1204]

Events (20 events):
Event: 3.788 loading class java/io/ObjectStreamClass$3
Event: 3.788 loading class java/io/ObjectStreamClass$3 done
Event: 3.789 loading class java/io/ObjectStreamClass$4
Event: 3.789 loading class java/io/ObjectStreamClass$4 done
Event: 3.789 loading class java/io/ObjectStreamClass$5
Event: 3.789 loading class java/io/ObjectStreamClass$5 done
Event: 3.822 Thread 0x0000027080218d90 Thread added: 0x0000027080218d90
Event: 3.861 loading class java/lang/Throwable$WrappedPrintWriter
Event: 3.861 loading class java/lang/Throwable$WrappedPrintWriter done
Event: 3.930 loading class java/util/ArrayList$ListItr
Event: 3.930 loading class java/util/ArrayList$ListItr done
Event: 3.930 Executing VM operation: HandshakeAllThreads
Event: 3.930 Executing VM operation: HandshakeAllThreads done
Event: 3.930 Executing VM operation: HandshakeAllThreads
Event: 3.930 Executing VM operation: HandshakeAllThreads done
Event: 4.359 Thread 0x0000027080218d90 Thread exited: 0x0000027080218d90
Event: 5.947 Executing VM operation: HandshakeAllThreads
Event: 5.947 Executing VM operation: HandshakeAllThreads done
Event: 17.006 Executing VM operation: HandshakeAllThreads
Event: 17.006 Executing VM operation: HandshakeAllThreads done


Dynamic libraries:
0x00007ff779020000 - 0x00007ff77902f000 	C:\Program Files\Java\jdk-15.0.1\bin\java.exe
0x00007ff90dbd0000 - 0x00007ff90ddc8000 	C:\Windows\SYSTEM32\ntdll.dll
0x00007ff8eba00000 - 0x00007ff8eba19000 	C:\Program Files\Avast Software\Avast\aswhook.dll
0x00007ff90d910000 - 0x00007ff90d9cf000 	C:\Windows\System32\KERNEL32.DLL
0x00007ff90b8a0000 - 0x00007ff90bb72000 	C:\Windows\System32\KERNELBASE.dll
0x00007ff90b2f0000 - 0x00007ff90b3f0000 	C:\Windows\System32\ucrtbase.dll
0x00007ff8fbe90000 - 0x00007ff8fbea8000 	C:\Program Files\Java\jdk-15.0.1\bin\jli.dll
0x00007ff8fbba0000 - 0x00007ff8fbbb9000 	C:\Program Files\Java\jdk-15.0.1\bin\VCRUNTIME140.dll
0x00007ff90bcf0000 - 0x00007ff90bd9e000 	C:\Windows\System32\ADVAPI32.dll
0x00007ff90cdc0000 - 0x00007ff90ce5e000 	C:\Windows\System32\msvcrt.dll
0x00007ff90d790000 - 0x00007ff90d82c000 	C:\Windows\System32\sechost.dll
0x00007ff90c4d0000 - 0x00007ff90c5f5000 	C:\Windows\System32\RPCRT4.dll
0x00007ff90be00000 - 0x00007ff90bfa1000 	C:\Windows\System32\USER32.dll
0x00007ff90b2c0000 - 0x00007ff90b2e2000 	C:\Windows\System32\win32u.dll
0x00007ff8f32e0000 - 0x00007ff8f357a000 	C:\Windows\WinSxS\amd64_microsoft.windows.common-controls_6595b64144ccf1df_6.0.19041.1110_none_60b5254171f9507e\COMCTL32.dll
0x00007ff90d150000 - 0x00007ff90d17b000 	C:\Windows\System32\GDI32.dll
0x00007ff90b600000 - 0x00007ff90b70f000 	C:\Windows\System32\gdi32full.dll
0x00007ff90b560000 - 0x00007ff90b5fd000 	C:\Windows\System32\msvcp_win.dll
0x00007ff9053f0000 - 0x00007ff9053fa000 	C:\Windows\SYSTEM32\VERSION.dll
0x00007ff90d830000 - 0x00007ff90d862000 	C:\Windows\System32\IMM32.DLL
0x00007ff906cf0000 - 0x00007ff906cfc000 	C:\Program Files\Java\jdk-15.0.1\bin\vcruntime140_1.dll
0x00007ff8e8ec0000 - 0x00007ff8e8f51000 	C:\Program Files\Java\jdk-15.0.1\bin\msvcp140.dll
0x00007ff8df460000 - 0x00007ff8dffbe000 	C:\Program Files\Java\jdk-15.0.1\bin\server\jvm.dll
0x00007ff90c660000 - 0x00007ff90c668000 	C:\Windows\System32\PSAPI.DLL
0x00007ff8fc560000 - 0x00007ff8fc569000 	C:\Windows\SYSTEM32\WSOCK32.dll
0x00007ff902840000 - 0x00007ff902867000 	C:\Windows\SYSTEM32\WINMM.dll
0x00007ff90ce60000 - 0x00007ff90cecb000 	C:\Windows\System32\WS2_32.dll
0x00007ff9091a0000 - 0x00007ff9091b2000 	C:\Windows\SYSTEM32\kernel.appcore.dll
0x00007ff9060a0000 - 0x00007ff9060aa000 	C:\Program Files\Java\jdk-15.0.1\bin\jimage.dll
0x00007ff904140000 - 0x00007ff904324000 	C:\Windows\SYSTEM32\DBGHELP.DLL
0x00007ff903060000 - 0x00007ff903095000 	C:\Windows\SYSTEM32\dbgcore.DLL
0x00007ff90bb80000 - 0x00007ff90bc02000 	C:\Windows\System32\bcryptPrimitives.dll
0x00007ff8fbb70000 - 0x00007ff8fbb95000 	C:\Program Files\Java\jdk-15.0.1\bin\java.dll
0x00007ff90c670000 - 0x00007ff90cdb4000 	C:\Windows\System32\SHELL32.dll
0x00007ff9093a0000 - 0x00007ff909b32000 	C:\Windows\SYSTEM32\windows.storage.dll
0x00007ff90d3d0000 - 0x00007ff90d725000 	C:\Windows\System32\combase.dll
0x00007ff90ac40000 - 0x00007ff90ac70000 	C:\Windows\SYSTEM32\Wldp.dll
0x00007ff90bfb0000 - 0x00007ff90c05d000 	C:\Windows\System32\SHCORE.dll
0x00007ff90bda0000 - 0x00007ff90bdf5000 	C:\Windows\System32\shlwapi.dll
0x00007ff90b200000 - 0x00007ff90b21f000 	C:\Windows\SYSTEM32\profapi.dll
0x00007ff8fba40000 - 0x00007ff8fba59000 	C:\Program Files\Java\jdk-15.0.1\bin\net.dll
0x00007ff905420000 - 0x00007ff90552c000 	C:\Windows\SYSTEM32\WINHTTP.dll
0x00007ff90a9a0000 - 0x00007ff90aa0a000 	C:\Windows\system32\mswsock.dll
0x00007ff8fb7e0000 - 0x00007ff8fb7f2000 	C:\Program Files\Java\jdk-15.0.1\bin\nio.dll
0x00007ff8fb600000 - 0x00007ff8fb618000 	C:\Program Files\Java\jdk-15.0.1\bin\zip.dll
0x00007ff902c20000 - 0x00007ff902c30000 	C:\Program Files\Java\jdk-15.0.1\bin\verify.dll
0x00007ff8fbec0000 - 0x00007ff8fbee7000 	C:\Users\Admin\.gradle\native\e1d6ef7f7dcc3fd88c89a11ec53ec762bb8ba0a96d01ffa2cd45eb1d1d8dd5c5\windows-amd64\native-platform.dll
0x00007ff906db0000 - 0x00007ff906dba000 	C:\Users\Admin\.gradle\native\jansi\1.18\windows64\jansi.dll
0x00007ff8fdd00000 - 0x00007ff8fdd09000 	C:\Program Files\Java\jdk-15.0.1\bin\management.dll
0x00007ff8fd330000 - 0x00007ff8fd33b000 	C:\Program Files\Java\jdk-15.0.1\bin\management_ext.dll
0x00007ff90aba0000 - 0x00007ff90abb8000 	C:\Windows\SYSTEM32\CRYPTSP.dll
0x00007ff90a2c0000 - 0x00007ff90a2f4000 	C:\Windows\system32\rsaenh.dll
0x00007ff90b710000 - 0x00007ff90b737000 	C:\Windows\System32\bcrypt.dll
0x00007ff90b1c0000 - 0x00007ff90b1ee000 	C:\Windows\SYSTEM32\USERENV.dll
0x00007ff90ab90000 - 0x00007ff90ab9c000 	C:\Windows\SYSTEM32\CRYPTBASE.dll
0x00007ff90a690000 - 0x00007ff90a6cb000 	C:\Windows\SYSTEM32\IPHLPAPI.DLL
0x00007ff90d3c0000 - 0x00007ff90d3c8000 	C:\Windows\System32\NSI.dll
0x00007ff905860000 - 0x00007ff905877000 	C:\Windows\SYSTEM32\dhcpcsvc6.DLL
0x00007ff905840000 - 0x00007ff90585d000 	C:\Windows\SYSTEM32\dhcpcsvc.DLL
0x00007ff90a6d0000 - 0x00007ff90a79a000 	C:\Windows\SYSTEM32\DNSAPI.dll

dbghelp: loaded successfully - version: 4.0.5 - missing functions: none
symbol engine: initialized successfully - sym options: 0x614 - pdb path: .;C:\Program Files\Java\jdk-15.0.1\bin;C:\Windows\SYSTEM32;C:\Program Files\Avast Software\Avast;C:\Windows\WinSxS\amd64_microsoft.windows.common-controls_6595b64144ccf1df_6.0.19041.1110_none_60b5254171f9507e;C:\Program Files\Java\jdk-15.0.1\bin\server;C:\Users\Admin\.gradle\native\e1d6ef7f7dcc3fd88c89a11ec53ec762bb8ba0a96d01ffa2cd45eb1d1d8dd5c5\windows-amd64;C:\Users\Admin\.gradle\native\jansi\1.18\windows64

VM Arguments:
jvm_args: -Xmx64m -Xms64m -Dorg.gradle.appname=gradlew 
java_command: org.gradle.wrapper.GradleWrapperMain app:installDebug -PreactNativeDevServerPort=8081
java_class_path (initial): D:\ReactNative\firebaseapp\android\\gradle\wrapper\gradle-wrapper.jar
Launcher Type: SUN_STANDARD

[Global flags]
     intx CICompilerCount                          = 3                                         {product} {ergonomic}
     uint ConcGCThreads                            = 1                                         {product} {ergonomic}
     uint G1ConcRefinementThreads                  = 4                                         {product} {ergonomic}
   size_t G1HeapRegionSize                         = 1048576                                   {product} {ergonomic}
    uintx GCDrainStackTargetSize                   = 64                                        {product} {ergonomic}
   size_t InitialHeapSize                          = 67108864                                  {product} {command line}
   size_t MarkStackSize                            = 4194304                                   {product} {ergonomic}
   size_t MaxHeapSize                              = 67108864                                  {product} {command line}
   size_t MaxNewSize                               = 39845888                                  {product} {ergonomic}
   size_t MinHeapDeltaBytes                        = 1048576                                   {product} {ergonomic}
   size_t MinHeapSize                              = 67108864                                  {product} {command line}
    uintx NonNMethodCodeHeapSize                   = 5832780                                {pd product} {ergonomic}
    uintx NonProfiledCodeHeapSize                  = 122912730                              {pd product} {ergonomic}
    uintx ProfiledCodeHeapSize                     = 122912730                              {pd product} {ergonomic}
    uintx ReservedCodeCacheSize                    = 251658240                              {pd product} {ergonomic}
     bool SegmentedCodeCache                       = true                                      {product} {ergonomic}
   size_t SoftMaxHeapSize                          = 67108864                               {manageable} {ergonomic}
     bool UseCompressedClassPointers               = true                                 {lp64_product} {ergonomic}
     bool UseCompressedOops                        = true                                 {lp64_product} {ergonomic}
     bool UseG1GC                                  = true                                      {product} {ergonomic}
     bool UseLargePagesIndividualAllocation        = false                                  {pd product} {ergonomic}

Logging:
Log output configuration:
 #0: stdout all=warning uptime,level,tags
 #1: stderr all=off uptime,level,tags

Environment Variables:
JAVA_HOME=C:\Program Files\Java\jdk-15.0.1
CLASSPATH=D:\ReactNative\firebaseapp\android\\gradle\wrapper\gradle-wrapper.jar
PATH=D:\ReactNative\firebaseapp\android\node_modules\.bin;D:\ReactNative\firebaseapp\node_modules\.bin;D:\ReactNative\node_modules\.bin;D:\node_modules\.bin;C:\Program Files\nodejs;C:\Python310\Scripts\;C:\Python310\;C:\Windows\system32;C:\Windows;C:\Windows\System32\Wbem;C:\Windows\System32\WindowsPowerShell\v1.0\;C:\Windows\System32\OpenSSH\;C:\Program Files\Java\jdk-15.0.1\bin;C:\ProgramData\chocolatey\bin;C:\Users\Admin\AppData\Local\Android\Sdk\platform-tools;C:\Users\Admin\AppData\Roaming\npm;C:\Program Files\Java\jdk-15.0.1;C:\Program Files\Git\cmd;C:\Program Files\nodejs\;C:\Users\Admin\AppData\Local\Android\Sdk;C:\Users\Admin\AppData\Local\Microsoft\WindowsApps;C:\Users\Admin\AppData\Local\Android\Sdk\platform-tools;C:\Users\Admin\AppData\Local\Programs\Microsoft VS Code\bin;D:\Flutter\flutter\bin;C:\Program Files\Java\jdk-15.0.1\bin;C:\Users\Admin\AppData\Roaming\npm
USERNAME=Admin
LANG=en_US.UTF-8
OS=Windows_NT
PROCESSOR_IDENTIFIER=AMD64 Family 23 Model 24 Stepping 1, AuthenticAMD



---------------  S Y S T E M  ---------------

OS:
 Windows 10 , 64 bit Build 19041 (10.0.19041.2364)
OS uptime: 0 days 2:41 hours

CPU: total 4 (initial active 4) (4 cores per cpu, 1 threads per core) family 23 model 24 stepping 1 microcode 0x0, cmov, cx8, fxsr, mmx, sse, sse2, sse3, ssse3, sse4.1, sse4.2, popcnt, vzeroupper, avx, avx2, aes, clmul, 3dnowpref, lzcnt, sse4a, tsc, tscinvbit, tscinv, bmi1, bmi2, adx, sha, fma, clflush, clflushopt

Memory: 4k page, system-wide physical 7610M (691M free)
TotalPageFile size 10268M (AvailPageFile size 1M)
current process WorkingSet (physical memory assigned to process): 89M, peak: 92M
current process commit charge ("private bytes"): 162M, peak: 167M

vm_info: Java HotSpot(TM) 64-Bit Server VM (15.0.1+9-18) for windows-amd64 JRE (15.0.1+9-18), built on Sep 15 2020 14:43:54 by "mach5one" with unknown MS VC++:1925

END.
